<?xml version="1.0" encoding="UTF-8"?>
<!-- Generated by org.testng.reporters.JUnitXMLReporter -->
<testsuite ignored="0" hostname="DESKTOP-RBAIV11" failures="0" tests="3" name="Default test" time="28.655" errors="0" timestamp="2025-06-11T15:24:20 IST">
  <testcase classname="Intern.Orange.Login" name="loginWithInvalidCredentials" time="5.766"/>
  <testcase classname="Intern.Orange.Login" name="loginWithValidCredentials" time="3.768"/>
  <testcase classname="Intern.Orange.Login" name="logoutAfterSuccessfullyLogin" time="6.074"/>
</testsuite> <!-- Default test -->
