<?xml version="1.0" encoding="UTF-8"?>
<testng-results ignored="0" total="3" passed="3" failed="0" skipped="0">
  <reporter-output>
  </reporter-output>
  <suite started-at="2025-06-11T15:23:51 IST" name="Default suite" finished-at="2025-06-11T15:24:20 IST" duration-ms="28655">
    <groups>
    </groups>
    <test started-at="2025-06-11T15:23:51 IST" name="Default test" finished-at="2025-06-11T15:24:20 IST" duration-ms="28655">
      <class name="Intern.Orange.Login">
        <test-method is-config="true" signature="setUp()[pri:0, instance:Intern.Orange.Login@55141def]" started-at="2025-06-11T15:23:52 IST" name="setUp" finished-at="2025-06-11T15:23:55 IST" duration-ms="3178" status="PASS">
          <reporter-output>
          </reporter-output>
        </test-method> <!-- setUp -->
        <test-method signature="loginWithInvalidCredentials()[pri:0, instance:Intern.Orange.Login@55141def]" started-at="2025-06-11T15:23:55 IST" name="loginWithInvalidCredentials" finished-at="2025-06-11T15:24:00 IST" duration-ms="5766" status="PASS">
          <reporter-output>
          </reporter-output>
        </test-method> <!-- loginWithInvalidCredentials -->
        <test-method is-config="true" signature="tearDown()[pri:0, instance:Intern.Orange.Login@55141def]" started-at="2025-06-11T15:24:00 IST" name="tearDown" finished-at="2025-06-11T15:24:01 IST" duration-ms="256" status="PASS">
          <reporter-output>
          </reporter-output>
        </test-method> <!-- tearDown -->
        <test-method is-config="true" signature="setUp()[pri:0, instance:Intern.Orange.Login@55141def]" started-at="2025-06-11T15:24:01 IST" name="setUp" finished-at="2025-06-11T15:24:05 IST" duration-ms="4090" status="PASS">
          <reporter-output>
          </reporter-output>
        </test-method> <!-- setUp -->
        <test-method signature="loginWithValidCredentials()[pri:0, instance:Intern.Orange.Login@55141def]" started-at="2025-06-11T15:24:05 IST" name="loginWithValidCredentials" finished-at="2025-06-11T15:24:09 IST" duration-ms="3768" status="PASS">
          <reporter-output>
          </reporter-output>
        </test-method> <!-- loginWithValidCredentials -->
        <test-method is-config="true" signature="tearDown()[pri:0, instance:Intern.Orange.Login@55141def]" started-at="2025-06-11T15:24:09 IST" name="tearDown" finished-at="2025-06-11T15:24:09 IST" duration-ms="260" status="PASS">
          <reporter-output>
          </reporter-output>
        </test-method> <!-- tearDown -->
        <test-method is-config="true" signature="setUp()[pri:0, instance:Intern.Orange.Login@55141def]" started-at="2025-06-11T15:24:09 IST" name="setUp" finished-at="2025-06-11T15:24:14 IST" duration-ms="4804" status="PASS">
          <reporter-output>
          </reporter-output>
        </test-method> <!-- setUp -->
        <test-method signature="logoutAfterSuccessfullyLogin()[pri:0, instance:Intern.Orange.Login@55141def]" started-at="2025-06-11T15:24:14 IST" name="logoutAfterSuccessfullyLogin" finished-at="2025-06-11T15:24:20 IST" duration-ms="6074" status="PASS">
          <reporter-output>
          </reporter-output>
        </test-method> <!-- logoutAfterSuccessfullyLogin -->
        <test-method is-config="true" signature="tearDown()[pri:0, instance:Intern.Orange.Login@55141def]" started-at="2025-06-11T15:24:20 IST" name="tearDown" finished-at="2025-06-11T15:24:20 IST" duration-ms="384" status="PASS">
          <reporter-output>
          </reporter-output>
        </test-method> <!-- tearDown -->
      </class> <!-- Intern.Orange.Login -->
    </test> <!-- Default test -->
  </suite> <!-- Default suite -->
</testng-results>
